Created by PLY version 3.4 (http://www.dabeaz.com/ply)

Grammar

Rule 0     S' -> program
Rule 1     program -> stmt_list
Rule 2     stmt_list -> stmt SEMICOLON stmt_list
Rule 3     stmt_list -> stmt
Rule 4     stmt -> assign_stmt
Rule 5     stmt -> while_stmt
Rule 6     stmt -> if_stmt
Rule 7     stmt -> class_stmt
Rule 8     expr -> expr PLUS term
Rule 9     expr -> expr MINUS term
Rule 10    expr_list -> expr COMMA expr_list
Rule 11    expr_list -> expr
Rule 12    expr -> term
Rule 13    term -> term TIMES fact
Rule 14    term -> term CONCAT fact
Rule 15    term -> fact
Rule 16    fact -> LPAREN expr RPAREN
Rule 17    fact -> NUMBER
Rule 18    fact -> IDENT
Rule 19    fact -> list
Rule 20    fact -> func_call
Rule 21    fact -> prop_func_call
Rule 22    fact -> proc
Rule 23    assign_stmt -> IDENT ASSIGNOP expr
Rule 24    fact -> property
Rule 25    property -> PROP
Rule 26    while_stmt -> WHILE expr DO stmt_list OD
Rule 27    if_stmt -> IF expr THEN stmt_list ELSE stmt_list FI
Rule 28    proc -> PROC LPAREN param_list RPAREN stmt_list END
Rule 29    proc -> PROC LPAREN RPAREN stmt_list END
Rule 30    class_stmt -> CLASSSYM IDENT LPAREN param_list RPAREN stmt_list END
Rule 31    class_stmt -> CLASSSYM IDENT LPAREN param_list RPAREN SUPER IDENT stmt_list END
Rule 32    class_stmt -> CLASSSYM IDENT LPAREN RPAREN stmt_list END
Rule 33    class_stmt -> CLASSSYM IDENT LPAREN RPAREN SUPER IDENT stmt_list END
Rule 34    param_list -> IDENT COMMA param_list
Rule 35    param_list -> IDENT
Rule 36    list -> LBRACKET sequence RBRACKET
Rule 37    list -> LBRACKET RBRACKET
Rule 38    sequence -> listelement COMMA sequence
Rule 39    sequence -> listelement
Rule 40    listelement -> list
Rule 41    listelement -> NUMBER
Rule 42    func_call -> IDENT LPAREN RPAREN
Rule 43    func_call -> IDENT LPAREN expr_list RPAREN
Rule 44    prop_func_call -> property LPAREN expr_list RPAREN
Rule 45    prop_func_call -> property LPAREN RPAREN

Terminals, with rules where they appear

ASSIGNOP             : 23
CLASSSYM             : 30 31 32 33
COMMA                : 10 34 38
CONCAT               : 14
DO                   : 26
ELSE                 : 27
END                  : 28 29 30 31 32 33
FI                   : 27
IDENT                : 18 23 30 31 31 32 33 33 34 35 42 43
IF                   : 27
LBRACKET             : 36 37
LPAREN               : 16 28 29 30 31 32 33 42 43 44 45
MINUS                : 9
NUMBER               : 17 41
OD                   : 26
PLUS                 : 8
PROC                 : 28 29
PROP                 : 25
RBRACKET             : 36 37
RPAREN               : 16 28 29 30 31 32 33 42 43 44 45
SEMICOLON            : 2
SUPER                : 31 33
THEN                 : 27
TIMES                : 13
WHILE                : 26
error                : 

Nonterminals, with rules where they appear

assign_stmt          : 4
class_stmt           : 7
expr                 : 8 9 10 11 16 23 26 27
expr_list            : 10 43 44
fact                 : 13 14 15
func_call            : 20
if_stmt              : 6
list                 : 19 40
listelement          : 38 39
param_list           : 28 30 31 34
proc                 : 22
program              : 0
prop_func_call       : 21
property             : 24 44 45
sequence             : 36 38
stmt                 : 2 3
stmt_list            : 1 2 26 27 27 28 29 30 31 32 33
term                 : 8 9 12 13 14
while_stmt           : 5

Parsing method: LALR

state 0

    (0) S' -> . program
    (1) program -> . stmt_list
    (2) stmt_list -> . stmt SEMICOLON stmt_list
    (3) stmt_list -> . stmt
    (4) stmt -> . assign_stmt
    (5) stmt -> . while_stmt
    (6) stmt -> . if_stmt
    (7) stmt -> . class_stmt
    (23) assign_stmt -> . IDENT ASSIGNOP expr
    (26) while_stmt -> . WHILE expr DO stmt_list OD
    (27) if_stmt -> . IF expr THEN stmt_list ELSE stmt_list FI
    (30) class_stmt -> . CLASSSYM IDENT LPAREN param_list RPAREN stmt_list END
    (31) class_stmt -> . CLASSSYM IDENT LPAREN param_list RPAREN SUPER IDENT stmt_list END
    (32) class_stmt -> . CLASSSYM IDENT LPAREN RPAREN stmt_list END
    (33) class_stmt -> . CLASSSYM IDENT LPAREN RPAREN SUPER IDENT stmt_list END

    IDENT           shift and go to state 4
    WHILE           shift and go to state 1
    IF              shift and go to state 6
    CLASSSYM        shift and go to state 11

    stmt_list                      shift and go to state 7
    if_stmt                        shift and go to state 8
    stmt                           shift and go to state 5
    assign_stmt                    shift and go to state 2
    while_stmt                     shift and go to state 9
    program                        shift and go to state 3
    class_stmt                     shift and go to state 10

state 1

    (26) while_stmt -> WHILE . expr DO stmt_list OD
    (8) expr -> . expr PLUS term
    (9) expr -> . expr MINUS term
    (12) expr -> . term
    (13) term -> . term TIMES fact
    (14) term -> . term CONCAT fact
    (15) term -> . fact
    (16) fact -> . LPAREN expr RPAREN
    (17) fact -> . NUMBER
    (18) fact -> . IDENT
    (19) fact -> . list
    (20) fact -> . func_call
    (21) fact -> . prop_func_call
    (22) fact -> . proc
    (24) fact -> . property
    (36) list -> . LBRACKET sequence RBRACKET
    (37) list -> . LBRACKET RBRACKET
    (42) func_call -> . IDENT LPAREN RPAREN
    (43) func_call -> . IDENT LPAREN expr_list RPAREN
    (44) prop_func_call -> . property LPAREN expr_list RPAREN
    (45) prop_func_call -> . property LPAREN RPAREN
    (28) proc -> . PROC LPAREN param_list RPAREN stmt_list END
    (29) proc -> . PROC LPAREN RPAREN stmt_list END
    (25) property -> . PROP

    LPAREN          shift and go to state 18
    NUMBER          shift and go to state 12
    IDENT           shift and go to state 17
    LBRACKET        shift and go to state 13
    PROC            shift and go to state 24
    PROP            shift and go to state 22

    func_call                      shift and go to state 16
    term                           shift and go to state 19
    prop_func_call                 shift and go to state 14
    expr                           shift and go to state 20
    list                           shift and go to state 21
    property                       shift and go to state 23
    proc                           shift and go to state 15
    fact                           shift and go to state 25

state 2

    (4) stmt -> assign_stmt .

    SEMICOLON       reduce using rule 4 (stmt -> assign_stmt .)
    END             reduce using rule 4 (stmt -> assign_stmt .)
    FI              reduce using rule 4 (stmt -> assign_stmt .)
    OD              reduce using rule 4 (stmt -> assign_stmt .)
    ELSE            reduce using rule 4 (stmt -> assign_stmt .)
    $end            reduce using rule 4 (stmt -> assign_stmt .)


state 3

    (0) S' -> program .



state 4

    (23) assign_stmt -> IDENT . ASSIGNOP expr

    ASSIGNOP        shift and go to state 26


state 5

    (2) stmt_list -> stmt . SEMICOLON stmt_list
    (3) stmt_list -> stmt .

    SEMICOLON       shift and go to state 27
    ELSE            reduce using rule 3 (stmt_list -> stmt .)
    $end            reduce using rule 3 (stmt_list -> stmt .)
    FI              reduce using rule 3 (stmt_list -> stmt .)
    OD              reduce using rule 3 (stmt_list -> stmt .)
    END             reduce using rule 3 (stmt_list -> stmt .)


state 6

    (27) if_stmt -> IF . expr THEN stmt_list ELSE stmt_list FI
    (8) expr -> . expr PLUS term
    (9) expr -> . expr MINUS term
    (12) expr -> . term
    (13) term -> . term TIMES fact
    (14) term -> . term CONCAT fact
    (15) term -> . fact
    (16) fact -> . LPAREN expr RPAREN
    (17) fact -> . NUMBER
    (18) fact -> . IDENT
    (19) fact -> . list
    (20) fact -> . func_call
    (21) fact -> . prop_func_call
    (22) fact -> . proc
    (24) fact -> . property
    (36) list -> . LBRACKET sequence RBRACKET
    (37) list -> . LBRACKET RBRACKET
    (42) func_call -> . IDENT LPAREN RPAREN
    (43) func_call -> . IDENT LPAREN expr_list RPAREN
    (44) prop_func_call -> . property LPAREN expr_list RPAREN
    (45) prop_func_call -> . property LPAREN RPAREN
    (28) proc -> . PROC LPAREN param_list RPAREN stmt_list END
    (29) proc -> . PROC LPAREN RPAREN stmt_list END
    (25) property -> . PROP

    LPAREN          shift and go to state 18
    NUMBER          shift and go to state 12
    IDENT           shift and go to state 17
    LBRACKET        shift and go to state 13
    PROC            shift and go to state 24
    PROP            shift and go to state 22

    func_call                      shift and go to state 16
    term                           shift and go to state 19
    prop_func_call                 shift and go to state 14
    expr                           shift and go to state 28
    list                           shift and go to state 21
    property                       shift and go to state 23
    proc                           shift and go to state 15
    fact                           shift and go to state 25

state 7

    (1) program -> stmt_list .

    $end            reduce using rule 1 (program -> stmt_list .)


state 8

    (6) stmt -> if_stmt .

    SEMICOLON       reduce using rule 6 (stmt -> if_stmt .)
    END             reduce using rule 6 (stmt -> if_stmt .)
    FI              reduce using rule 6 (stmt -> if_stmt .)
    OD              reduce using rule 6 (stmt -> if_stmt .)
    ELSE            reduce using rule 6 (stmt -> if_stmt .)
    $end            reduce using rule 6 (stmt -> if_stmt .)


state 9

    (5) stmt -> while_stmt .

    SEMICOLON       reduce using rule 5 (stmt -> while_stmt .)
    END             reduce using rule 5 (stmt -> while_stmt .)
    FI              reduce using rule 5 (stmt -> while_stmt .)
    OD              reduce using rule 5 (stmt -> while_stmt .)
    ELSE            reduce using rule 5 (stmt -> while_stmt .)
    $end            reduce using rule 5 (stmt -> while_stmt .)


state 10

    (7) stmt -> class_stmt .

    SEMICOLON       reduce using rule 7 (stmt -> class_stmt .)
    END             reduce using rule 7 (stmt -> class_stmt .)
    FI              reduce using rule 7 (stmt -> class_stmt .)
    OD              reduce using rule 7 (stmt -> class_stmt .)
    ELSE            reduce using rule 7 (stmt -> class_stmt .)
    $end            reduce using rule 7 (stmt -> class_stmt .)


state 11

    (30) class_stmt -> CLASSSYM . IDENT LPAREN param_list RPAREN stmt_list END
    (31) class_stmt -> CLASSSYM . IDENT LPAREN param_list RPAREN SUPER IDENT stmt_list END
    (32) class_stmt -> CLASSSYM . IDENT LPAREN RPAREN stmt_list END
    (33) class_stmt -> CLASSSYM . IDENT LPAREN RPAREN SUPER IDENT stmt_list END

    IDENT           shift and go to state 29


state 12

    (17) fact -> NUMBER .

    TIMES           reduce using rule 17 (fact -> NUMBER .)
    CONCAT          reduce using rule 17 (fact -> NUMBER .)
    RPAREN          reduce using rule 17 (fact -> NUMBER .)
    PLUS            reduce using rule 17 (fact -> NUMBER .)
    MINUS           reduce using rule 17 (fact -> NUMBER .)
    COMMA           reduce using rule 17 (fact -> NUMBER .)
    THEN            reduce using rule 17 (fact -> NUMBER .)
    DO              reduce using rule 17 (fact -> NUMBER .)
    SEMICOLON       reduce using rule 17 (fact -> NUMBER .)
    $end            reduce using rule 17 (fact -> NUMBER .)
    OD              reduce using rule 17 (fact -> NUMBER .)
    ELSE            reduce using rule 17 (fact -> NUMBER .)
    END             reduce using rule 17 (fact -> NUMBER .)
    FI              reduce using rule 17 (fact -> NUMBER .)


state 13

    (36) list -> LBRACKET . sequence RBRACKET
    (37) list -> LBRACKET . RBRACKET
    (38) sequence -> . listelement COMMA sequence
    (39) sequence -> . listelement
    (40) listelement -> . list
    (41) listelement -> . NUMBER
    (36) list -> . LBRACKET sequence RBRACKET
    (37) list -> . LBRACKET RBRACKET

    RBRACKET        shift and go to state 33
    NUMBER          shift and go to state 32
    LBRACKET        shift and go to state 13

    listelement                    shift and go to state 34
    list                           shift and go to state 31
    sequence                       shift and go to state 30

state 14

    (21) fact -> prop_func_call .

    TIMES           reduce using rule 21 (fact -> prop_func_call .)
    CONCAT          reduce using rule 21 (fact -> prop_func_call .)
    RPAREN          reduce using rule 21 (fact -> prop_func_call .)
    PLUS            reduce using rule 21 (fact -> prop_func_call .)
    MINUS           reduce using rule 21 (fact -> prop_func_call .)
    COMMA           reduce using rule 21 (fact -> prop_func_call .)
    THEN            reduce using rule 21 (fact -> prop_func_call .)
    DO              reduce using rule 21 (fact -> prop_func_call .)
    SEMICOLON       reduce using rule 21 (fact -> prop_func_call .)
    $end            reduce using rule 21 (fact -> prop_func_call .)
    OD              reduce using rule 21 (fact -> prop_func_call .)
    ELSE            reduce using rule 21 (fact -> prop_func_call .)
    END             reduce using rule 21 (fact -> prop_func_call .)
    FI              reduce using rule 21 (fact -> prop_func_call .)


state 15

    (22) fact -> proc .

    TIMES           reduce using rule 22 (fact -> proc .)
    CONCAT          reduce using rule 22 (fact -> proc .)
    RPAREN          reduce using rule 22 (fact -> proc .)
    PLUS            reduce using rule 22 (fact -> proc .)
    MINUS           reduce using rule 22 (fact -> proc .)
    COMMA           reduce using rule 22 (fact -> proc .)
    THEN            reduce using rule 22 (fact -> proc .)
    DO              reduce using rule 22 (fact -> proc .)
    SEMICOLON       reduce using rule 22 (fact -> proc .)
    $end            reduce using rule 22 (fact -> proc .)
    OD              reduce using rule 22 (fact -> proc .)
    ELSE            reduce using rule 22 (fact -> proc .)
    END             reduce using rule 22 (fact -> proc .)
    FI              reduce using rule 22 (fact -> proc .)


state 16

    (20) fact -> func_call .

    TIMES           reduce using rule 20 (fact -> func_call .)
    CONCAT          reduce using rule 20 (fact -> func_call .)
    RPAREN          reduce using rule 20 (fact -> func_call .)
    PLUS            reduce using rule 20 (fact -> func_call .)
    MINUS           reduce using rule 20 (fact -> func_call .)
    COMMA           reduce using rule 20 (fact -> func_call .)
    THEN            reduce using rule 20 (fact -> func_call .)
    DO              reduce using rule 20 (fact -> func_call .)
    SEMICOLON       reduce using rule 20 (fact -> func_call .)
    $end            reduce using rule 20 (fact -> func_call .)
    OD              reduce using rule 20 (fact -> func_call .)
    ELSE            reduce using rule 20 (fact -> func_call .)
    END             reduce using rule 20 (fact -> func_call .)
    FI              reduce using rule 20 (fact -> func_call .)


state 17

    (18) fact -> IDENT .
    (42) func_call -> IDENT . LPAREN RPAREN
    (43) func_call -> IDENT . LPAREN expr_list RPAREN

    TIMES           reduce using rule 18 (fact -> IDENT .)
    CONCAT          reduce using rule 18 (fact -> IDENT .)
    RPAREN          reduce using rule 18 (fact -> IDENT .)
    PLUS            reduce using rule 18 (fact -> IDENT .)
    MINUS           reduce using rule 18 (fact -> IDENT .)
    COMMA           reduce using rule 18 (fact -> IDENT .)
    THEN            reduce using rule 18 (fact -> IDENT .)
    DO              reduce using rule 18 (fact -> IDENT .)
    SEMICOLON       reduce using rule 18 (fact -> IDENT .)
    $end            reduce using rule 18 (fact -> IDENT .)
    OD              reduce using rule 18 (fact -> IDENT .)
    ELSE            reduce using rule 18 (fact -> IDENT .)
    END             reduce using rule 18 (fact -> IDENT .)
    FI              reduce using rule 18 (fact -> IDENT .)
    LPAREN          shift and go to state 35


state 18

    (16) fact -> LPAREN . expr RPAREN
    (8) expr -> . expr PLUS term
    (9) expr -> . expr MINUS term
    (12) expr -> . term
    (13) term -> . term TIMES fact
    (14) term -> . term CONCAT fact
    (15) term -> . fact
    (16) fact -> . LPAREN expr RPAREN
    (17) fact -> . NUMBER
    (18) fact -> . IDENT
    (19) fact -> . list
    (20) fact -> . func_call
    (21) fact -> . prop_func_call
    (22) fact -> . proc
    (24) fact -> . property
    (36) list -> . LBRACKET sequence RBRACKET
    (37) list -> . LBRACKET RBRACKET
    (42) func_call -> . IDENT LPAREN RPAREN
    (43) func_call -> . IDENT LPAREN expr_list RPAREN
    (44) prop_func_call -> . property LPAREN expr_list RPAREN
    (45) prop_func_call -> . property LPAREN RPAREN
    (28) proc -> . PROC LPAREN param_list RPAREN stmt_list END
    (29) proc -> . PROC LPAREN RPAREN stmt_list END
    (25) property -> . PROP

    LPAREN          shift and go to state 18
    NUMBER          shift and go to state 12
    IDENT           shift and go to state 17
    LBRACKET        shift and go to state 13
    PROC            shift and go to state 24
    PROP            shift and go to state 22

    func_call                      shift and go to state 16
    prop_func_call                 shift and go to state 14
    term                           shift and go to state 19
    expr                           shift and go to state 36
    list                           shift and go to state 21
    property                       shift and go to state 23
    proc                           shift and go to state 15
    fact                           shift and go to state 25

state 19

    (12) expr -> term .
    (13) term -> term . TIMES fact
    (14) term -> term . CONCAT fact

    THEN            reduce using rule 12 (expr -> term .)
    PLUS            reduce using rule 12 (expr -> term .)
    MINUS           reduce using rule 12 (expr -> term .)
    RPAREN          reduce using rule 12 (expr -> term .)
    COMMA           reduce using rule 12 (expr -> term .)
    SEMICOLON       reduce using rule 12 (expr -> term .)
    $end            reduce using rule 12 (expr -> term .)
    OD              reduce using rule 12 (expr -> term .)
    ELSE            reduce using rule 12 (expr -> term .)
    END             reduce using rule 12 (expr -> term .)
    FI              reduce using rule 12 (expr -> term .)
    DO              reduce using rule 12 (expr -> term .)
    TIMES           shift and go to state 38
    CONCAT          shift and go to state 37


state 20

    (26) while_stmt -> WHILE expr . DO stmt_list OD
    (8) expr -> expr . PLUS term
    (9) expr -> expr . MINUS term

    DO              shift and go to state 39
    PLUS            shift and go to state 40
    MINUS           shift and go to state 41


state 21

    (19) fact -> list .

    TIMES           reduce using rule 19 (fact -> list .)
    CONCAT          reduce using rule 19 (fact -> list .)
    RPAREN          reduce using rule 19 (fact -> list .)
    PLUS            reduce using rule 19 (fact -> list .)
    MINUS           reduce using rule 19 (fact -> list .)
    COMMA           reduce using rule 19 (fact -> list .)
    THEN            reduce using rule 19 (fact -> list .)
    DO              reduce using rule 19 (fact -> list .)
    SEMICOLON       reduce using rule 19 (fact -> list .)
    $end            reduce using rule 19 (fact -> list .)
    OD              reduce using rule 19 (fact -> list .)
    ELSE            reduce using rule 19 (fact -> list .)
    END             reduce using rule 19 (fact -> list .)
    FI              reduce using rule 19 (fact -> list .)


state 22

    (25) property -> PROP .

    LPAREN          reduce using rule 25 (property -> PROP .)
    TIMES           reduce using rule 25 (property -> PROP .)
    CONCAT          reduce using rule 25 (property -> PROP .)
    PLUS            reduce using rule 25 (property -> PROP .)
    MINUS           reduce using rule 25 (property -> PROP .)
    SEMICOLON       reduce using rule 25 (property -> PROP .)
    $end            reduce using rule 25 (property -> PROP .)
    OD              reduce using rule 25 (property -> PROP .)
    ELSE            reduce using rule 25 (property -> PROP .)
    END             reduce using rule 25 (property -> PROP .)
    FI              reduce using rule 25 (property -> PROP .)
    DO              reduce using rule 25 (property -> PROP .)
    COMMA           reduce using rule 25 (property -> PROP .)
    RPAREN          reduce using rule 25 (property -> PROP .)
    THEN            reduce using rule 25 (property -> PROP .)


state 23

    (24) fact -> property .
    (44) prop_func_call -> property . LPAREN expr_list RPAREN
    (45) prop_func_call -> property . LPAREN RPAREN

    TIMES           reduce using rule 24 (fact -> property .)
    CONCAT          reduce using rule 24 (fact -> property .)
    RPAREN          reduce using rule 24 (fact -> property .)
    PLUS            reduce using rule 24 (fact -> property .)
    MINUS           reduce using rule 24 (fact -> property .)
    COMMA           reduce using rule 24 (fact -> property .)
    THEN            reduce using rule 24 (fact -> property .)
    DO              reduce using rule 24 (fact -> property .)
    SEMICOLON       reduce using rule 24 (fact -> property .)
    $end            reduce using rule 24 (fact -> property .)
    OD              reduce using rule 24 (fact -> property .)
    ELSE            reduce using rule 24 (fact -> property .)
    END             reduce using rule 24 (fact -> property .)
    FI              reduce using rule 24 (fact -> property .)
    LPAREN          shift and go to state 42


state 24

    (28) proc -> PROC . LPAREN param_list RPAREN stmt_list END
    (29) proc -> PROC . LPAREN RPAREN stmt_list END

    LPAREN          shift and go to state 43


state 25

    (15) term -> fact .

    TIMES           reduce using rule 15 (term -> fact .)
    CONCAT          reduce using rule 15 (term -> fact .)
    PLUS            reduce using rule 15 (term -> fact .)
    MINUS           reduce using rule 15 (term -> fact .)
    SEMICOLON       reduce using rule 15 (term -> fact .)
    $end            reduce using rule 15 (term -> fact .)
    OD              reduce using rule 15 (term -> fact .)
    ELSE            reduce using rule 15 (term -> fact .)
    END             reduce using rule 15 (term -> fact .)
    FI              reduce using rule 15 (term -> fact .)
    THEN            reduce using rule 15 (term -> fact .)
    COMMA           reduce using rule 15 (term -> fact .)
    RPAREN          reduce using rule 15 (term -> fact .)
    DO              reduce using rule 15 (term -> fact .)


state 26

    (23) assign_stmt -> IDENT ASSIGNOP . expr
    (8) expr -> . expr PLUS term
    (9) expr -> . expr MINUS term
    (12) expr -> . term
    (13) term -> . term TIMES fact
    (14) term -> . term CONCAT fact
    (15) term -> . fact
    (16) fact -> . LPAREN expr RPAREN
    (17) fact -> . NUMBER
    (18) fact -> . IDENT
    (19) fact -> . list
    (20) fact -> . func_call
    (21) fact -> . prop_func_call
    (22) fact -> . proc
    (24) fact -> . property
    (36) list -> . LBRACKET sequence RBRACKET
    (37) list -> . LBRACKET RBRACKET
    (42) func_call -> . IDENT LPAREN RPAREN
    (43) func_call -> . IDENT LPAREN expr_list RPAREN
    (44) prop_func_call -> . property LPAREN expr_list RPAREN
    (45) prop_func_call -> . property LPAREN RPAREN
    (28) proc -> . PROC LPAREN param_list RPAREN stmt_list END
    (29) proc -> . PROC LPAREN RPAREN stmt_list END
    (25) property -> . PROP

    LPAREN          shift and go to state 18
    NUMBER          shift and go to state 12
    IDENT           shift and go to state 17
    LBRACKET        shift and go to state 13
    PROC            shift and go to state 24
    PROP            shift and go to state 22

    func_call                      shift and go to state 16
    prop_func_call                 shift and go to state 14
    term                           shift and go to state 19
    expr                           shift and go to state 44
    list                           shift and go to state 21
    property                       shift and go to state 23
    proc                           shift and go to state 15
    fact                           shift and go to state 25

state 27

    (2) stmt_list -> stmt SEMICOLON . stmt_list
    (2) stmt_list -> . stmt SEMICOLON stmt_list
    (3) stmt_list -> . stmt
    (4) stmt -> . assign_stmt
    (5) stmt -> . while_stmt
    (6) stmt -> . if_stmt
    (7) stmt -> . class_stmt
    (23) assign_stmt -> . IDENT ASSIGNOP expr
    (26) while_stmt -> . WHILE expr DO stmt_list OD
    (27) if_stmt -> . IF expr THEN stmt_list ELSE stmt_list FI
    (30) class_stmt -> . CLASSSYM IDENT LPAREN param_list RPAREN stmt_list END
    (31) class_stmt -> . CLASSSYM IDENT LPAREN param_list RPAREN SUPER IDENT stmt_list END
    (32) class_stmt -> . CLASSSYM IDENT LPAREN RPAREN stmt_list END
    (33) class_stmt -> . CLASSSYM IDENT LPAREN RPAREN SUPER IDENT stmt_list END

    IDENT           shift and go to state 4
    WHILE           shift and go to state 1
    IF              shift and go to state 6
    CLASSSYM        shift and go to state 11

    stmt_list                      shift and go to state 45
    if_stmt                        shift and go to state 8
    stmt                           shift and go to state 5
    assign_stmt                    shift and go to state 2
    while_stmt                     shift and go to state 9
    class_stmt                     shift and go to state 10

state 28

    (27) if_stmt -> IF expr . THEN stmt_list ELSE stmt_list FI
    (8) expr -> expr . PLUS term
    (9) expr -> expr . MINUS term

    THEN            shift and go to state 46
    PLUS            shift and go to state 40
    MINUS           shift and go to state 41


state 29

    (30) class_stmt -> CLASSSYM IDENT . LPAREN param_list RPAREN stmt_list END
    (31) class_stmt -> CLASSSYM IDENT . LPAREN param_list RPAREN SUPER IDENT stmt_list END
    (32) class_stmt -> CLASSSYM IDENT . LPAREN RPAREN stmt_list END
    (33) class_stmt -> CLASSSYM IDENT . LPAREN RPAREN SUPER IDENT stmt_list END

    LPAREN          shift and go to state 47


state 30

    (36) list -> LBRACKET sequence . RBRACKET

    RBRACKET        shift and go to state 48


state 31

    (40) listelement -> list .

    COMMA           reduce using rule 40 (listelement -> list .)
    RBRACKET        reduce using rule 40 (listelement -> list .)


state 32

    (41) listelement -> NUMBER .

    COMMA           reduce using rule 41 (listelement -> NUMBER .)
    RBRACKET        reduce using rule 41 (listelement -> NUMBER .)


state 33

    (37) list -> LBRACKET RBRACKET .

    COMMA           reduce using rule 37 (list -> LBRACKET RBRACKET .)
    RBRACKET        reduce using rule 37 (list -> LBRACKET RBRACKET .)
    TIMES           reduce using rule 37 (list -> LBRACKET RBRACKET .)
    CONCAT          reduce using rule 37 (list -> LBRACKET RBRACKET .)
    DO              reduce using rule 37 (list -> LBRACKET RBRACKET .)
    PLUS            reduce using rule 37 (list -> LBRACKET RBRACKET .)
    MINUS           reduce using rule 37 (list -> LBRACKET RBRACKET .)
    THEN            reduce using rule 37 (list -> LBRACKET RBRACKET .)
    RPAREN          reduce using rule 37 (list -> LBRACKET RBRACKET .)
    SEMICOLON       reduce using rule 37 (list -> LBRACKET RBRACKET .)
    $end            reduce using rule 37 (list -> LBRACKET RBRACKET .)
    OD              reduce using rule 37 (list -> LBRACKET RBRACKET .)
    ELSE            reduce using rule 37 (list -> LBRACKET RBRACKET .)
    END             reduce using rule 37 (list -> LBRACKET RBRACKET .)
    FI              reduce using rule 37 (list -> LBRACKET RBRACKET .)


state 34

    (38) sequence -> listelement . COMMA sequence
    (39) sequence -> listelement .

    COMMA           shift and go to state 49
    RBRACKET        reduce using rule 39 (sequence -> listelement .)


state 35

    (42) func_call -> IDENT LPAREN . RPAREN
    (43) func_call -> IDENT LPAREN . expr_list RPAREN
    (10) expr_list -> . expr COMMA expr_list
    (11) expr_list -> . expr
    (8) expr -> . expr PLUS term
    (9) expr -> . expr MINUS term
    (12) expr -> . term
    (13) term -> . term TIMES fact
    (14) term -> . term CONCAT fact
    (15) term -> . fact
    (16) fact -> . LPAREN expr RPAREN
    (17) fact -> . NUMBER
    (18) fact -> . IDENT
    (19) fact -> . list
    (20) fact -> . func_call
    (21) fact -> . prop_func_call
    (22) fact -> . proc
    (24) fact -> . property
    (36) list -> . LBRACKET sequence RBRACKET
    (37) list -> . LBRACKET RBRACKET
    (42) func_call -> . IDENT LPAREN RPAREN
    (43) func_call -> . IDENT LPAREN expr_list RPAREN
    (44) prop_func_call -> . property LPAREN expr_list RPAREN
    (45) prop_func_call -> . property LPAREN RPAREN
    (28) proc -> . PROC LPAREN param_list RPAREN stmt_list END
    (29) proc -> . PROC LPAREN RPAREN stmt_list END
    (25) property -> . PROP

    RPAREN          shift and go to state 51
    LPAREN          shift and go to state 18
    NUMBER          shift and go to state 12
    IDENT           shift and go to state 17
    LBRACKET        shift and go to state 13
    PROC            shift and go to state 24
    PROP            shift and go to state 22

    func_call                      shift and go to state 16
    prop_func_call                 shift and go to state 14
    term                           shift and go to state 19
    expr_list                      shift and go to state 50
    list                           shift and go to state 21
    expr                           shift and go to state 52
    property                       shift and go to state 23
    proc                           shift and go to state 15
    fact                           shift and go to state 25

state 36

    (16) fact -> LPAREN expr . RPAREN
    (8) expr -> expr . PLUS term
    (9) expr -> expr . MINUS term

    RPAREN          shift and go to state 53
    PLUS            shift and go to state 40
    MINUS           shift and go to state 41


state 37

    (14) term -> term CONCAT . fact
    (16) fact -> . LPAREN expr RPAREN
    (17) fact -> . NUMBER
    (18) fact -> . IDENT
    (19) fact -> . list
    (20) fact -> . func_call
    (21) fact -> . prop_func_call
    (22) fact -> . proc
    (24) fact -> . property
    (36) list -> . LBRACKET sequence RBRACKET
    (37) list -> . LBRACKET RBRACKET
    (42) func_call -> . IDENT LPAREN RPAREN
    (43) func_call -> . IDENT LPAREN expr_list RPAREN
    (44) prop_func_call -> . property LPAREN expr_list RPAREN
    (45) prop_func_call -> . property LPAREN RPAREN
    (28) proc -> . PROC LPAREN param_list RPAREN stmt_list END
    (29) proc -> . PROC LPAREN RPAREN stmt_list END
    (25) property -> . PROP

    LPAREN          shift and go to state 18
    NUMBER          shift and go to state 12
    IDENT           shift and go to state 17
    LBRACKET        shift and go to state 13
    PROC            shift and go to state 24
    PROP            shift and go to state 22

    func_call                      shift and go to state 16
    prop_func_call                 shift and go to state 14
    list                           shift and go to state 21
    property                       shift and go to state 23
    proc                           shift and go to state 15
    fact                           shift and go to state 54

state 38

    (13) term -> term TIMES . fact
    (16) fact -> . LPAREN expr RPAREN
    (17) fact -> . NUMBER
    (18) fact -> . IDENT
    (19) fact -> . list
    (20) fact -> . func_call
    (21) fact -> . prop_func_call
    (22) fact -> . proc
    (24) fact -> . property
    (36) list -> . LBRACKET sequence RBRACKET
    (37) list -> . LBRACKET RBRACKET
    (42) func_call -> . IDENT LPAREN RPAREN
    (43) func_call -> . IDENT LPAREN expr_list RPAREN
    (44) prop_func_call -> . property LPAREN expr_list RPAREN
    (45) prop_func_call -> . property LPAREN RPAREN
    (28) proc -> . PROC LPAREN param_list RPAREN stmt_list END
    (29) proc -> . PROC LPAREN RPAREN stmt_list END
    (25) property -> . PROP

    LPAREN          shift and go to state 18
    NUMBER          shift and go to state 12
    IDENT           shift and go to state 17
    LBRACKET        shift and go to state 13
    PROC            shift and go to state 24
    PROP            shift and go to state 22

    func_call                      shift and go to state 16
    prop_func_call                 shift and go to state 14
    list                           shift and go to state 21
    property                       shift and go to state 23
    proc                           shift and go to state 15
    fact                           shift and go to state 55

state 39

    (26) while_stmt -> WHILE expr DO . stmt_list OD
    (2) stmt_list -> . stmt SEMICOLON stmt_list
    (3) stmt_list -> . stmt
    (4) stmt -> . assign_stmt
    (5) stmt -> . while_stmt
    (6) stmt -> . if_stmt
    (7) stmt -> . class_stmt
    (23) assign_stmt -> . IDENT ASSIGNOP expr
    (26) while_stmt -> . WHILE expr DO stmt_list OD
    (27) if_stmt -> . IF expr THEN stmt_list ELSE stmt_list FI
    (30) class_stmt -> . CLASSSYM IDENT LPAREN param_list RPAREN stmt_list END
    (31) class_stmt -> . CLASSSYM IDENT LPAREN param_list RPAREN SUPER IDENT stmt_list END
    (32) class_stmt -> . CLASSSYM IDENT LPAREN RPAREN stmt_list END
    (33) class_stmt -> . CLASSSYM IDENT LPAREN RPAREN SUPER IDENT stmt_list END

    IDENT           shift and go to state 4
    WHILE           shift and go to state 1
    IF              shift and go to state 6
    CLASSSYM        shift and go to state 11

    stmt_list                      shift and go to state 56
    if_stmt                        shift and go to state 8
    stmt                           shift and go to state 5
    assign_stmt                    shift and go to state 2
    while_stmt                     shift and go to state 9
    class_stmt                     shift and go to state 10

state 40

    (8) expr -> expr PLUS . term
    (13) term -> . term TIMES fact
    (14) term -> . term CONCAT fact
    (15) term -> . fact
    (16) fact -> . LPAREN expr RPAREN
    (17) fact -> . NUMBER
    (18) fact -> . IDENT
    (19) fact -> . list
    (20) fact -> . func_call
    (21) fact -> . prop_func_call
    (22) fact -> . proc
    (24) fact -> . property
    (36) list -> . LBRACKET sequence RBRACKET
    (37) list -> . LBRACKET RBRACKET
    (42) func_call -> . IDENT LPAREN RPAREN
    (43) func_call -> . IDENT LPAREN expr_list RPAREN
    (44) prop_func_call -> . property LPAREN expr_list RPAREN
    (45) prop_func_call -> . property LPAREN RPAREN
    (28) proc -> . PROC LPAREN param_list RPAREN stmt_list END
    (29) proc -> . PROC LPAREN RPAREN stmt_list END
    (25) property -> . PROP

    LPAREN          shift and go to state 18
    NUMBER          shift and go to state 12
    IDENT           shift and go to state 17
    LBRACKET        shift and go to state 13
    PROC            shift and go to state 24
    PROP            shift and go to state 22

    func_call                      shift and go to state 16
    prop_func_call                 shift and go to state 14
    term                           shift and go to state 57
    list                           shift and go to state 21
    property                       shift and go to state 23
    proc                           shift and go to state 15
    fact                           shift and go to state 25

state 41

    (9) expr -> expr MINUS . term
    (13) term -> . term TIMES fact
    (14) term -> . term CONCAT fact
    (15) term -> . fact
    (16) fact -> . LPAREN expr RPAREN
    (17) fact -> . NUMBER
    (18) fact -> . IDENT
    (19) fact -> . list
    (20) fact -> . func_call
    (21) fact -> . prop_func_call
    (22) fact -> . proc
    (24) fact -> . property
    (36) list -> . LBRACKET sequence RBRACKET
    (37) list -> . LBRACKET RBRACKET
    (42) func_call -> . IDENT LPAREN RPAREN
    (43) func_call -> . IDENT LPAREN expr_list RPAREN
    (44) prop_func_call -> . property LPAREN expr_list RPAREN
    (45) prop_func_call -> . property LPAREN RPAREN
    (28) proc -> . PROC LPAREN param_list RPAREN stmt_list END
    (29) proc -> . PROC LPAREN RPAREN stmt_list END
    (25) property -> . PROP

    LPAREN          shift and go to state 18
    NUMBER          shift and go to state 12
    IDENT           shift and go to state 17
    LBRACKET        shift and go to state 13
    PROC            shift and go to state 24
    PROP            shift and go to state 22

    func_call                      shift and go to state 16
    prop_func_call                 shift and go to state 14
    term                           shift and go to state 58
    list                           shift and go to state 21
    property                       shift and go to state 23
    proc                           shift and go to state 15
    fact                           shift and go to state 25

state 42

    (44) prop_func_call -> property LPAREN . expr_list RPAREN
    (45) prop_func_call -> property LPAREN . RPAREN
    (10) expr_list -> . expr COMMA expr_list
    (11) expr_list -> . expr
    (8) expr -> . expr PLUS term
    (9) expr -> . expr MINUS term
    (12) expr -> . term
    (13) term -> . term TIMES fact
    (14) term -> . term CONCAT fact
    (15) term -> . fact
    (16) fact -> . LPAREN expr RPAREN
    (17) fact -> . NUMBER
    (18) fact -> . IDENT
    (19) fact -> . list
    (20) fact -> . func_call
    (21) fact -> . prop_func_call
    (22) fact -> . proc
    (24) fact -> . property
    (36) list -> . LBRACKET sequence RBRACKET
    (37) list -> . LBRACKET RBRACKET
    (42) func_call -> . IDENT LPAREN RPAREN
    (43) func_call -> . IDENT LPAREN expr_list RPAREN
    (44) prop_func_call -> . property LPAREN expr_list RPAREN
    (45) prop_func_call -> . property LPAREN RPAREN
    (28) proc -> . PROC LPAREN param_list RPAREN stmt_list END
    (29) proc -> . PROC LPAREN RPAREN stmt_list END
    (25) property -> . PROP

    RPAREN          shift and go to state 60
    LPAREN          shift and go to state 18
    NUMBER          shift and go to state 12
    IDENT           shift and go to state 17
    LBRACKET        shift and go to state 13
    PROC            shift and go to state 24
    PROP            shift and go to state 22

    func_call                      shift and go to state 16
    prop_func_call                 shift and go to state 14
    term                           shift and go to state 19
    expr_list                      shift and go to state 59
    list                           shift and go to state 21
    expr                           shift and go to state 52
    property                       shift and go to state 23
    proc                           shift and go to state 15
    fact                           shift and go to state 25

state 43

    (28) proc -> PROC LPAREN . param_list RPAREN stmt_list END
    (29) proc -> PROC LPAREN . RPAREN stmt_list END
    (34) param_list -> . IDENT COMMA param_list
    (35) param_list -> . IDENT

    RPAREN          shift and go to state 62
    IDENT           shift and go to state 61

    param_list                     shift and go to state 63

state 44

    (23) assign_stmt -> IDENT ASSIGNOP expr .
    (8) expr -> expr . PLUS term
    (9) expr -> expr . MINUS term

    SEMICOLON       reduce using rule 23 (assign_stmt -> IDENT ASSIGNOP expr .)
    END             reduce using rule 23 (assign_stmt -> IDENT ASSIGNOP expr .)
    $end            reduce using rule 23 (assign_stmt -> IDENT ASSIGNOP expr .)
    ELSE            reduce using rule 23 (assign_stmt -> IDENT ASSIGNOP expr .)
    FI              reduce using rule 23 (assign_stmt -> IDENT ASSIGNOP expr .)
    OD              reduce using rule 23 (assign_stmt -> IDENT ASSIGNOP expr .)
    PLUS            shift and go to state 40
    MINUS           shift and go to state 41


state 45

    (2) stmt_list -> stmt SEMICOLON stmt_list .

    ELSE            reduce using rule 2 (stmt_list -> stmt SEMICOLON stmt_list .)
    $end            reduce using rule 2 (stmt_list -> stmt SEMICOLON stmt_list .)
    FI              reduce using rule 2 (stmt_list -> stmt SEMICOLON stmt_list .)
    OD              reduce using rule 2 (stmt_list -> stmt SEMICOLON stmt_list .)
    END             reduce using rule 2 (stmt_list -> stmt SEMICOLON stmt_list .)


state 46

    (27) if_stmt -> IF expr THEN . stmt_list ELSE stmt_list FI
    (2) stmt_list -> . stmt SEMICOLON stmt_list
    (3) stmt_list -> . stmt
    (4) stmt -> . assign_stmt
    (5) stmt -> . while_stmt
    (6) stmt -> . if_stmt
    (7) stmt -> . class_stmt
    (23) assign_stmt -> . IDENT ASSIGNOP expr
    (26) while_stmt -> . WHILE expr DO stmt_list OD
    (27) if_stmt -> . IF expr THEN stmt_list ELSE stmt_list FI
    (30) class_stmt -> . CLASSSYM IDENT LPAREN param_list RPAREN stmt_list END
    (31) class_stmt -> . CLASSSYM IDENT LPAREN param_list RPAREN SUPER IDENT stmt_list END
    (32) class_stmt -> . CLASSSYM IDENT LPAREN RPAREN stmt_list END
    (33) class_stmt -> . CLASSSYM IDENT LPAREN RPAREN SUPER IDENT stmt_list END

    IDENT           shift and go to state 4
    WHILE           shift and go to state 1
    IF              shift and go to state 6
    CLASSSYM        shift and go to state 11

    stmt_list                      shift and go to state 64
    if_stmt                        shift and go to state 8
    stmt                           shift and go to state 5
    assign_stmt                    shift and go to state 2
    while_stmt                     shift and go to state 9
    class_stmt                     shift and go to state 10

state 47

    (30) class_stmt -> CLASSSYM IDENT LPAREN . param_list RPAREN stmt_list END
    (31) class_stmt -> CLASSSYM IDENT LPAREN . param_list RPAREN SUPER IDENT stmt_list END
    (32) class_stmt -> CLASSSYM IDENT LPAREN . RPAREN stmt_list END
    (33) class_stmt -> CLASSSYM IDENT LPAREN . RPAREN SUPER IDENT stmt_list END
    (34) param_list -> . IDENT COMMA param_list
    (35) param_list -> . IDENT

    RPAREN          shift and go to state 65
    IDENT           shift and go to state 61

    param_list                     shift and go to state 66

state 48

    (36) list -> LBRACKET sequence RBRACKET .

    COMMA           reduce using rule 36 (list -> LBRACKET sequence RBRACKET .)
    RBRACKET        reduce using rule 36 (list -> LBRACKET sequence RBRACKET .)
    TIMES           reduce using rule 36 (list -> LBRACKET sequence RBRACKET .)
    CONCAT          reduce using rule 36 (list -> LBRACKET sequence RBRACKET .)
    DO              reduce using rule 36 (list -> LBRACKET sequence RBRACKET .)
    PLUS            reduce using rule 36 (list -> LBRACKET sequence RBRACKET .)
    MINUS           reduce using rule 36 (list -> LBRACKET sequence RBRACKET .)
    THEN            reduce using rule 36 (list -> LBRACKET sequence RBRACKET .)
    RPAREN          reduce using rule 36 (list -> LBRACKET sequence RBRACKET .)
    SEMICOLON       reduce using rule 36 (list -> LBRACKET sequence RBRACKET .)
    $end            reduce using rule 36 (list -> LBRACKET sequence RBRACKET .)
    OD              reduce using rule 36 (list -> LBRACKET sequence RBRACKET .)
    ELSE            reduce using rule 36 (list -> LBRACKET sequence RBRACKET .)
    END             reduce using rule 36 (list -> LBRACKET sequence RBRACKET .)
    FI              reduce using rule 36 (list -> LBRACKET sequence RBRACKET .)


state 49

    (38) sequence -> listelement COMMA . sequence
    (38) sequence -> . listelement COMMA sequence
    (39) sequence -> . listelement
    (40) listelement -> . list
    (41) listelement -> . NUMBER
    (36) list -> . LBRACKET sequence RBRACKET
    (37) list -> . LBRACKET RBRACKET

    NUMBER          shift and go to state 32
    LBRACKET        shift and go to state 13

    listelement                    shift and go to state 34
    list                           shift and go to state 31
    sequence                       shift and go to state 67

state 50

    (43) func_call -> IDENT LPAREN expr_list . RPAREN

    RPAREN          shift and go to state 68


state 51

    (42) func_call -> IDENT LPAREN RPAREN .

    TIMES           reduce using rule 42 (func_call -> IDENT LPAREN RPAREN .)
    CONCAT          reduce using rule 42 (func_call -> IDENT LPAREN RPAREN .)
    DO              reduce using rule 42 (func_call -> IDENT LPAREN RPAREN .)
    PLUS            reduce using rule 42 (func_call -> IDENT LPAREN RPAREN .)
    MINUS           reduce using rule 42 (func_call -> IDENT LPAREN RPAREN .)
    THEN            reduce using rule 42 (func_call -> IDENT LPAREN RPAREN .)
    RPAREN          reduce using rule 42 (func_call -> IDENT LPAREN RPAREN .)
    SEMICOLON       reduce using rule 42 (func_call -> IDENT LPAREN RPAREN .)
    $end            reduce using rule 42 (func_call -> IDENT LPAREN RPAREN .)
    OD              reduce using rule 42 (func_call -> IDENT LPAREN RPAREN .)
    ELSE            reduce using rule 42 (func_call -> IDENT LPAREN RPAREN .)
    END             reduce using rule 42 (func_call -> IDENT LPAREN RPAREN .)
    FI              reduce using rule 42 (func_call -> IDENT LPAREN RPAREN .)
    COMMA           reduce using rule 42 (func_call -> IDENT LPAREN RPAREN .)


state 52

    (10) expr_list -> expr . COMMA expr_list
    (11) expr_list -> expr .
    (8) expr -> expr . PLUS term
    (9) expr -> expr . MINUS term

    COMMA           shift and go to state 69
    RPAREN          reduce using rule 11 (expr_list -> expr .)
    PLUS            shift and go to state 40
    MINUS           shift and go to state 41


state 53

    (16) fact -> LPAREN expr RPAREN .

    TIMES           reduce using rule 16 (fact -> LPAREN expr RPAREN .)
    CONCAT          reduce using rule 16 (fact -> LPAREN expr RPAREN .)
    RPAREN          reduce using rule 16 (fact -> LPAREN expr RPAREN .)
    PLUS            reduce using rule 16 (fact -> LPAREN expr RPAREN .)
    MINUS           reduce using rule 16 (fact -> LPAREN expr RPAREN .)
    COMMA           reduce using rule 16 (fact -> LPAREN expr RPAREN .)
    THEN            reduce using rule 16 (fact -> LPAREN expr RPAREN .)
    DO              reduce using rule 16 (fact -> LPAREN expr RPAREN .)
    SEMICOLON       reduce using rule 16 (fact -> LPAREN expr RPAREN .)
    $end            reduce using rule 16 (fact -> LPAREN expr RPAREN .)
    OD              reduce using rule 16 (fact -> LPAREN expr RPAREN .)
    ELSE            reduce using rule 16 (fact -> LPAREN expr RPAREN .)
    END             reduce using rule 16 (fact -> LPAREN expr RPAREN .)
    FI              reduce using rule 16 (fact -> LPAREN expr RPAREN .)


state 54

    (14) term -> term CONCAT fact .

    TIMES           reduce using rule 14 (term -> term CONCAT fact .)
    CONCAT          reduce using rule 14 (term -> term CONCAT fact .)
    PLUS            reduce using rule 14 (term -> term CONCAT fact .)
    MINUS           reduce using rule 14 (term -> term CONCAT fact .)
    SEMICOLON       reduce using rule 14 (term -> term CONCAT fact .)
    $end            reduce using rule 14 (term -> term CONCAT fact .)
    OD              reduce using rule 14 (term -> term CONCAT fact .)
    ELSE            reduce using rule 14 (term -> term CONCAT fact .)
    END             reduce using rule 14 (term -> term CONCAT fact .)
    FI              reduce using rule 14 (term -> term CONCAT fact .)
    THEN            reduce using rule 14 (term -> term CONCAT fact .)
    COMMA           reduce using rule 14 (term -> term CONCAT fact .)
    RPAREN          reduce using rule 14 (term -> term CONCAT fact .)
    DO              reduce using rule 14 (term -> term CONCAT fact .)


state 55

    (13) term -> term TIMES fact .

    TIMES           reduce using rule 13 (term -> term TIMES fact .)
    CONCAT          reduce using rule 13 (term -> term TIMES fact .)
    PLUS            reduce using rule 13 (term -> term TIMES fact .)
    MINUS           reduce using rule 13 (term -> term TIMES fact .)
    SEMICOLON       reduce using rule 13 (term -> term TIMES fact .)
    $end            reduce using rule 13 (term -> term TIMES fact .)
    OD              reduce using rule 13 (term -> term TIMES fact .)
    ELSE            reduce using rule 13 (term -> term TIMES fact .)
    END             reduce using rule 13 (term -> term TIMES fact .)
    FI              reduce using rule 13 (term -> term TIMES fact .)
    THEN            reduce using rule 13 (term -> term TIMES fact .)
    COMMA           reduce using rule 13 (term -> term TIMES fact .)
    RPAREN          reduce using rule 13 (term -> term TIMES fact .)
    DO              reduce using rule 13 (term -> term TIMES fact .)


state 56

    (26) while_stmt -> WHILE expr DO stmt_list . OD

    OD              shift and go to state 70


state 57

    (8) expr -> expr PLUS term .
    (13) term -> term . TIMES fact
    (14) term -> term . CONCAT fact

    THEN            reduce using rule 8 (expr -> expr PLUS term .)
    PLUS            reduce using rule 8 (expr -> expr PLUS term .)
    MINUS           reduce using rule 8 (expr -> expr PLUS term .)
    RPAREN          reduce using rule 8 (expr -> expr PLUS term .)
    COMMA           reduce using rule 8 (expr -> expr PLUS term .)
    SEMICOLON       reduce using rule 8 (expr -> expr PLUS term .)
    $end            reduce using rule 8 (expr -> expr PLUS term .)
    OD              reduce using rule 8 (expr -> expr PLUS term .)
    ELSE            reduce using rule 8 (expr -> expr PLUS term .)
    END             reduce using rule 8 (expr -> expr PLUS term .)
    FI              reduce using rule 8 (expr -> expr PLUS term .)
    DO              reduce using rule 8 (expr -> expr PLUS term .)
    TIMES           shift and go to state 38
    CONCAT          shift and go to state 37


state 58

    (9) expr -> expr MINUS term .
    (13) term -> term . TIMES fact
    (14) term -> term . CONCAT fact

    THEN            reduce using rule 9 (expr -> expr MINUS term .)
    PLUS            reduce using rule 9 (expr -> expr MINUS term .)
    MINUS           reduce using rule 9 (expr -> expr MINUS term .)
    RPAREN          reduce using rule 9 (expr -> expr MINUS term .)
    COMMA           reduce using rule 9 (expr -> expr MINUS term .)
    SEMICOLON       reduce using rule 9 (expr -> expr MINUS term .)
    $end            reduce using rule 9 (expr -> expr MINUS term .)
    OD              reduce using rule 9 (expr -> expr MINUS term .)
    ELSE            reduce using rule 9 (expr -> expr MINUS term .)
    END             reduce using rule 9 (expr -> expr MINUS term .)
    FI              reduce using rule 9 (expr -> expr MINUS term .)
    DO              reduce using rule 9 (expr -> expr MINUS term .)
    TIMES           shift and go to state 38
    CONCAT          shift and go to state 37


state 59

    (44) prop_func_call -> property LPAREN expr_list . RPAREN

    RPAREN          shift and go to state 71


state 60

    (45) prop_func_call -> property LPAREN RPAREN .

    TIMES           reduce using rule 45 (prop_func_call -> property LPAREN RPAREN .)
    CONCAT          reduce using rule 45 (prop_func_call -> property LPAREN RPAREN .)
    DO              reduce using rule 45 (prop_func_call -> property LPAREN RPAREN .)
    PLUS            reduce using rule 45 (prop_func_call -> property LPAREN RPAREN .)
    MINUS           reduce using rule 45 (prop_func_call -> property LPAREN RPAREN .)
    SEMICOLON       reduce using rule 45 (prop_func_call -> property LPAREN RPAREN .)
    $end            reduce using rule 45 (prop_func_call -> property LPAREN RPAREN .)
    OD              reduce using rule 45 (prop_func_call -> property LPAREN RPAREN .)
    ELSE            reduce using rule 45 (prop_func_call -> property LPAREN RPAREN .)
    END             reduce using rule 45 (prop_func_call -> property LPAREN RPAREN .)
    FI              reduce using rule 45 (prop_func_call -> property LPAREN RPAREN .)
    THEN            reduce using rule 45 (prop_func_call -> property LPAREN RPAREN .)
    RPAREN          reduce using rule 45 (prop_func_call -> property LPAREN RPAREN .)
    COMMA           reduce using rule 45 (prop_func_call -> property LPAREN RPAREN .)


state 61

    (34) param_list -> IDENT . COMMA param_list
    (35) param_list -> IDENT .

    COMMA           shift and go to state 72
    RPAREN          reduce using rule 35 (param_list -> IDENT .)


state 62

    (29) proc -> PROC LPAREN RPAREN . stmt_list END
    (2) stmt_list -> . stmt SEMICOLON stmt_list
    (3) stmt_list -> . stmt
    (4) stmt -> . assign_stmt
    (5) stmt -> . while_stmt
    (6) stmt -> . if_stmt
    (7) stmt -> . class_stmt
    (23) assign_stmt -> . IDENT ASSIGNOP expr
    (26) while_stmt -> . WHILE expr DO stmt_list OD
    (27) if_stmt -> . IF expr THEN stmt_list ELSE stmt_list FI
    (30) class_stmt -> . CLASSSYM IDENT LPAREN param_list RPAREN stmt_list END
    (31) class_stmt -> . CLASSSYM IDENT LPAREN param_list RPAREN SUPER IDENT stmt_list END
    (32) class_stmt -> . CLASSSYM IDENT LPAREN RPAREN stmt_list END
    (33) class_stmt -> . CLASSSYM IDENT LPAREN RPAREN SUPER IDENT stmt_list END

    IDENT           shift and go to state 4
    WHILE           shift and go to state 1
    IF              shift and go to state 6
    CLASSSYM        shift and go to state 11

    stmt_list                      shift and go to state 73
    if_stmt                        shift and go to state 8
    stmt                           shift and go to state 5
    assign_stmt                    shift and go to state 2
    while_stmt                     shift and go to state 9
    class_stmt                     shift and go to state 10

state 63

    (28) proc -> PROC LPAREN param_list . RPAREN stmt_list END

    RPAREN          shift and go to state 74


state 64

    (27) if_stmt -> IF expr THEN stmt_list . ELSE stmt_list FI

    ELSE            shift and go to state 75


state 65

    (32) class_stmt -> CLASSSYM IDENT LPAREN RPAREN . stmt_list END
    (33) class_stmt -> CLASSSYM IDENT LPAREN RPAREN . SUPER IDENT stmt_list END
    (2) stmt_list -> . stmt SEMICOLON stmt_list
    (3) stmt_list -> . stmt
    (4) stmt -> . assign_stmt
    (5) stmt -> . while_stmt
    (6) stmt -> . if_stmt
    (7) stmt -> . class_stmt
    (23) assign_stmt -> . IDENT ASSIGNOP expr
    (26) while_stmt -> . WHILE expr DO stmt_list OD
    (27) if_stmt -> . IF expr THEN stmt_list ELSE stmt_list FI
    (30) class_stmt -> . CLASSSYM IDENT LPAREN param_list RPAREN stmt_list END
    (31) class_stmt -> . CLASSSYM IDENT LPAREN param_list RPAREN SUPER IDENT stmt_list END
    (32) class_stmt -> . CLASSSYM IDENT LPAREN RPAREN stmt_list END
    (33) class_stmt -> . CLASSSYM IDENT LPAREN RPAREN SUPER IDENT stmt_list END

    SUPER           shift and go to state 77
    IDENT           shift and go to state 4
    WHILE           shift and go to state 1
    IF              shift and go to state 6
    CLASSSYM        shift and go to state 11

    stmt_list                      shift and go to state 76
    if_stmt                        shift and go to state 8
    stmt                           shift and go to state 5
    assign_stmt                    shift and go to state 2
    while_stmt                     shift and go to state 9
    class_stmt                     shift and go to state 10

state 66

    (30) class_stmt -> CLASSSYM IDENT LPAREN param_list . RPAREN stmt_list END
    (31) class_stmt -> CLASSSYM IDENT LPAREN param_list . RPAREN SUPER IDENT stmt_list END

    RPAREN          shift and go to state 78


state 67

    (38) sequence -> listelement COMMA sequence .

    RBRACKET        reduce using rule 38 (sequence -> listelement COMMA sequence .)


state 68

    (43) func_call -> IDENT LPAREN expr_list RPAREN .

    TIMES           reduce using rule 43 (func_call -> IDENT LPAREN expr_list RPAREN .)
    CONCAT          reduce using rule 43 (func_call -> IDENT LPAREN expr_list RPAREN .)
    DO              reduce using rule 43 (func_call -> IDENT LPAREN expr_list RPAREN .)
    PLUS            reduce using rule 43 (func_call -> IDENT LPAREN expr_list RPAREN .)
    MINUS           reduce using rule 43 (func_call -> IDENT LPAREN expr_list RPAREN .)
    THEN            reduce using rule 43 (func_call -> IDENT LPAREN expr_list RPAREN .)
    RPAREN          reduce using rule 43 (func_call -> IDENT LPAREN expr_list RPAREN .)
    SEMICOLON       reduce using rule 43 (func_call -> IDENT LPAREN expr_list RPAREN .)
    $end            reduce using rule 43 (func_call -> IDENT LPAREN expr_list RPAREN .)
    OD              reduce using rule 43 (func_call -> IDENT LPAREN expr_list RPAREN .)
    ELSE            reduce using rule 43 (func_call -> IDENT LPAREN expr_list RPAREN .)
    END             reduce using rule 43 (func_call -> IDENT LPAREN expr_list RPAREN .)
    FI              reduce using rule 43 (func_call -> IDENT LPAREN expr_list RPAREN .)
    COMMA           reduce using rule 43 (func_call -> IDENT LPAREN expr_list RPAREN .)


state 69

    (10) expr_list -> expr COMMA . expr_list
    (10) expr_list -> . expr COMMA expr_list
    (11) expr_list -> . expr
    (8) expr -> . expr PLUS term
    (9) expr -> . expr MINUS term
    (12) expr -> . term
    (13) term -> . term TIMES fact
    (14) term -> . term CONCAT fact
    (15) term -> . fact
    (16) fact -> . LPAREN expr RPAREN
    (17) fact -> . NUMBER
    (18) fact -> . IDENT
    (19) fact -> . list
    (20) fact -> . func_call
    (21) fact -> . prop_func_call
    (22) fact -> . proc
    (24) fact -> . property
    (36) list -> . LBRACKET sequence RBRACKET
    (37) list -> . LBRACKET RBRACKET
    (42) func_call -> . IDENT LPAREN RPAREN
    (43) func_call -> . IDENT LPAREN expr_list RPAREN
    (44) prop_func_call -> . property LPAREN expr_list RPAREN
    (45) prop_func_call -> . property LPAREN RPAREN
    (28) proc -> . PROC LPAREN param_list RPAREN stmt_list END
    (29) proc -> . PROC LPAREN RPAREN stmt_list END
    (25) property -> . PROP

    LPAREN          shift and go to state 18
    NUMBER          shift and go to state 12
    IDENT           shift and go to state 17
    LBRACKET        shift and go to state 13
    PROC            shift and go to state 24
    PROP            shift and go to state 22

    func_call                      shift and go to state 16
    prop_func_call                 shift and go to state 14
    term                           shift and go to state 19
    expr                           shift and go to state 52
    list                           shift and go to state 21
    expr_list                      shift and go to state 79
    property                       shift and go to state 23
    proc                           shift and go to state 15
    fact                           shift and go to state 25

state 70

    (26) while_stmt -> WHILE expr DO stmt_list OD .

    SEMICOLON       reduce using rule 26 (while_stmt -> WHILE expr DO stmt_list OD .)
    END             reduce using rule 26 (while_stmt -> WHILE expr DO stmt_list OD .)
    ELSE            reduce using rule 26 (while_stmt -> WHILE expr DO stmt_list OD .)
    OD              reduce using rule 26 (while_stmt -> WHILE expr DO stmt_list OD .)
    $end            reduce using rule 26 (while_stmt -> WHILE expr DO stmt_list OD .)
    FI              reduce using rule 26 (while_stmt -> WHILE expr DO stmt_list OD .)


state 71

    (44) prop_func_call -> property LPAREN expr_list RPAREN .

    TIMES           reduce using rule 44 (prop_func_call -> property LPAREN expr_list RPAREN .)
    CONCAT          reduce using rule 44 (prop_func_call -> property LPAREN expr_list RPAREN .)
    DO              reduce using rule 44 (prop_func_call -> property LPAREN expr_list RPAREN .)
    PLUS            reduce using rule 44 (prop_func_call -> property LPAREN expr_list RPAREN .)
    MINUS           reduce using rule 44 (prop_func_call -> property LPAREN expr_list RPAREN .)
    SEMICOLON       reduce using rule 44 (prop_func_call -> property LPAREN expr_list RPAREN .)
    $end            reduce using rule 44 (prop_func_call -> property LPAREN expr_list RPAREN .)
    OD              reduce using rule 44 (prop_func_call -> property LPAREN expr_list RPAREN .)
    ELSE            reduce using rule 44 (prop_func_call -> property LPAREN expr_list RPAREN .)
    END             reduce using rule 44 (prop_func_call -> property LPAREN expr_list RPAREN .)
    FI              reduce using rule 44 (prop_func_call -> property LPAREN expr_list RPAREN .)
    THEN            reduce using rule 44 (prop_func_call -> property LPAREN expr_list RPAREN .)
    RPAREN          reduce using rule 44 (prop_func_call -> property LPAREN expr_list RPAREN .)
    COMMA           reduce using rule 44 (prop_func_call -> property LPAREN expr_list RPAREN .)


state 72

    (34) param_list -> IDENT COMMA . param_list
    (34) param_list -> . IDENT COMMA param_list
    (35) param_list -> . IDENT

    IDENT           shift and go to state 61

    param_list                     shift and go to state 80

state 73

    (29) proc -> PROC LPAREN RPAREN stmt_list . END

    END             shift and go to state 81


state 74

    (28) proc -> PROC LPAREN param_list RPAREN . stmt_list END
    (2) stmt_list -> . stmt SEMICOLON stmt_list
    (3) stmt_list -> . stmt
    (4) stmt -> . assign_stmt
    (5) stmt -> . while_stmt
    (6) stmt -> . if_stmt
    (7) stmt -> . class_stmt
    (23) assign_stmt -> . IDENT ASSIGNOP expr
    (26) while_stmt -> . WHILE expr DO stmt_list OD
    (27) if_stmt -> . IF expr THEN stmt_list ELSE stmt_list FI
    (30) class_stmt -> . CLASSSYM IDENT LPAREN param_list RPAREN stmt_list END
    (31) class_stmt -> . CLASSSYM IDENT LPAREN param_list RPAREN SUPER IDENT stmt_list END
    (32) class_stmt -> . CLASSSYM IDENT LPAREN RPAREN stmt_list END
    (33) class_stmt -> . CLASSSYM IDENT LPAREN RPAREN SUPER IDENT stmt_list END

    IDENT           shift and go to state 4
    WHILE           shift and go to state 1
    IF              shift and go to state 6
    CLASSSYM        shift and go to state 11

    stmt_list                      shift and go to state 82
    if_stmt                        shift and go to state 8
    stmt                           shift and go to state 5
    assign_stmt                    shift and go to state 2
    while_stmt                     shift and go to state 9
    class_stmt                     shift and go to state 10

state 75

    (27) if_stmt -> IF expr THEN stmt_list ELSE . stmt_list FI
    (2) stmt_list -> . stmt SEMICOLON stmt_list
    (3) stmt_list -> . stmt
    (4) stmt -> . assign_stmt
    (5) stmt -> . while_stmt
    (6) stmt -> . if_stmt
    (7) stmt -> . class_stmt
    (23) assign_stmt -> . IDENT ASSIGNOP expr
    (26) while_stmt -> . WHILE expr DO stmt_list OD
    (27) if_stmt -> . IF expr THEN stmt_list ELSE stmt_list FI
    (30) class_stmt -> . CLASSSYM IDENT LPAREN param_list RPAREN stmt_list END
    (31) class_stmt -> . CLASSSYM IDENT LPAREN param_list RPAREN SUPER IDENT stmt_list END
    (32) class_stmt -> . CLASSSYM IDENT LPAREN RPAREN stmt_list END
    (33) class_stmt -> . CLASSSYM IDENT LPAREN RPAREN SUPER IDENT stmt_list END

    IDENT           shift and go to state 4
    WHILE           shift and go to state 1
    IF              shift and go to state 6
    CLASSSYM        shift and go to state 11

    stmt_list                      shift and go to state 83
    if_stmt                        shift and go to state 8
    stmt                           shift and go to state 5
    assign_stmt                    shift and go to state 2
    while_stmt                     shift and go to state 9
    class_stmt                     shift and go to state 10

state 76

    (32) class_stmt -> CLASSSYM IDENT LPAREN RPAREN stmt_list . END

    END             shift and go to state 84


state 77

    (33) class_stmt -> CLASSSYM IDENT LPAREN RPAREN SUPER . IDENT stmt_list END

    IDENT           shift and go to state 85


state 78

    (30) class_stmt -> CLASSSYM IDENT LPAREN param_list RPAREN . stmt_list END
    (31) class_stmt -> CLASSSYM IDENT LPAREN param_list RPAREN . SUPER IDENT stmt_list END
    (2) stmt_list -> . stmt SEMICOLON stmt_list
    (3) stmt_list -> . stmt
    (4) stmt -> . assign_stmt
    (5) stmt -> . while_stmt
    (6) stmt -> . if_stmt
    (7) stmt -> . class_stmt
    (23) assign_stmt -> . IDENT ASSIGNOP expr
    (26) while_stmt -> . WHILE expr DO stmt_list OD
    (27) if_stmt -> . IF expr THEN stmt_list ELSE stmt_list FI
    (30) class_stmt -> . CLASSSYM IDENT LPAREN param_list RPAREN stmt_list END
    (31) class_stmt -> . CLASSSYM IDENT LPAREN param_list RPAREN SUPER IDENT stmt_list END
    (32) class_stmt -> . CLASSSYM IDENT LPAREN RPAREN stmt_list END
    (33) class_stmt -> . CLASSSYM IDENT LPAREN RPAREN SUPER IDENT stmt_list END

    SUPER           shift and go to state 87
    IDENT           shift and go to state 4
    WHILE           shift and go to state 1
    IF              shift and go to state 6
    CLASSSYM        shift and go to state 11

    stmt_list                      shift and go to state 86
    if_stmt                        shift and go to state 8
    stmt                           shift and go to state 5
    assign_stmt                    shift and go to state 2
    while_stmt                     shift and go to state 9
    class_stmt                     shift and go to state 10

state 79

    (10) expr_list -> expr COMMA expr_list .

    RPAREN          reduce using rule 10 (expr_list -> expr COMMA expr_list .)


state 80

    (34) param_list -> IDENT COMMA param_list .

    RPAREN          reduce using rule 34 (param_list -> IDENT COMMA param_list .)


state 81

    (29) proc -> PROC LPAREN RPAREN stmt_list END .

    TIMES           reduce using rule 29 (proc -> PROC LPAREN RPAREN stmt_list END .)
    CONCAT          reduce using rule 29 (proc -> PROC LPAREN RPAREN stmt_list END .)
    DO              reduce using rule 29 (proc -> PROC LPAREN RPAREN stmt_list END .)
    PLUS            reduce using rule 29 (proc -> PROC LPAREN RPAREN stmt_list END .)
    MINUS           reduce using rule 29 (proc -> PROC LPAREN RPAREN stmt_list END .)
    THEN            reduce using rule 29 (proc -> PROC LPAREN RPAREN stmt_list END .)
    RPAREN          reduce using rule 29 (proc -> PROC LPAREN RPAREN stmt_list END .)
    SEMICOLON       reduce using rule 29 (proc -> PROC LPAREN RPAREN stmt_list END .)
    $end            reduce using rule 29 (proc -> PROC LPAREN RPAREN stmt_list END .)
    OD              reduce using rule 29 (proc -> PROC LPAREN RPAREN stmt_list END .)
    ELSE            reduce using rule 29 (proc -> PROC LPAREN RPAREN stmt_list END .)
    END             reduce using rule 29 (proc -> PROC LPAREN RPAREN stmt_list END .)
    FI              reduce using rule 29 (proc -> PROC LPAREN RPAREN stmt_list END .)
    COMMA           reduce using rule 29 (proc -> PROC LPAREN RPAREN stmt_list END .)


state 82

    (28) proc -> PROC LPAREN param_list RPAREN stmt_list . END

    END             shift and go to state 88


state 83

    (27) if_stmt -> IF expr THEN stmt_list ELSE stmt_list . FI

    FI              shift and go to state 89


state 84

    (32) class_stmt -> CLASSSYM IDENT LPAREN RPAREN stmt_list END .

    SEMICOLON       reduce using rule 32 (class_stmt -> CLASSSYM IDENT LPAREN RPAREN stmt_list END .)
    $end            reduce using rule 32 (class_stmt -> CLASSSYM IDENT LPAREN RPAREN stmt_list END .)
    END             reduce using rule 32 (class_stmt -> CLASSSYM IDENT LPAREN RPAREN stmt_list END .)
    OD              reduce using rule 32 (class_stmt -> CLASSSYM IDENT LPAREN RPAREN stmt_list END .)
    ELSE            reduce using rule 32 (class_stmt -> CLASSSYM IDENT LPAREN RPAREN stmt_list END .)
    FI              reduce using rule 32 (class_stmt -> CLASSSYM IDENT LPAREN RPAREN stmt_list END .)


state 85

    (33) class_stmt -> CLASSSYM IDENT LPAREN RPAREN SUPER IDENT . stmt_list END
    (2) stmt_list -> . stmt SEMICOLON stmt_list
    (3) stmt_list -> . stmt
    (4) stmt -> . assign_stmt
    (5) stmt -> . while_stmt
    (6) stmt -> . if_stmt
    (7) stmt -> . class_stmt
    (23) assign_stmt -> . IDENT ASSIGNOP expr
    (26) while_stmt -> . WHILE expr DO stmt_list OD
    (27) if_stmt -> . IF expr THEN stmt_list ELSE stmt_list FI
    (30) class_stmt -> . CLASSSYM IDENT LPAREN param_list RPAREN stmt_list END
    (31) class_stmt -> . CLASSSYM IDENT LPAREN param_list RPAREN SUPER IDENT stmt_list END
    (32) class_stmt -> . CLASSSYM IDENT LPAREN RPAREN stmt_list END
    (33) class_stmt -> . CLASSSYM IDENT LPAREN RPAREN SUPER IDENT stmt_list END

    IDENT           shift and go to state 4
    WHILE           shift and go to state 1
    IF              shift and go to state 6
    CLASSSYM        shift and go to state 11

    stmt_list                      shift and go to state 90
    if_stmt                        shift and go to state 8
    stmt                           shift and go to state 5
    assign_stmt                    shift and go to state 2
    while_stmt                     shift and go to state 9
    class_stmt                     shift and go to state 10

state 86

    (30) class_stmt -> CLASSSYM IDENT LPAREN param_list RPAREN stmt_list . END

    END             shift and go to state 91


state 87

    (31) class_stmt -> CLASSSYM IDENT LPAREN param_list RPAREN SUPER . IDENT stmt_list END

    IDENT           shift and go to state 92


state 88

    (28) proc -> PROC LPAREN param_list RPAREN stmt_list END .

    TIMES           reduce using rule 28 (proc -> PROC LPAREN param_list RPAREN stmt_list END .)
    CONCAT          reduce using rule 28 (proc -> PROC LPAREN param_list RPAREN stmt_list END .)
    DO              reduce using rule 28 (proc -> PROC LPAREN param_list RPAREN stmt_list END .)
    PLUS            reduce using rule 28 (proc -> PROC LPAREN param_list RPAREN stmt_list END .)
    MINUS           reduce using rule 28 (proc -> PROC LPAREN param_list RPAREN stmt_list END .)
    THEN            reduce using rule 28 (proc -> PROC LPAREN param_list RPAREN stmt_list END .)
    RPAREN          reduce using rule 28 (proc -> PROC LPAREN param_list RPAREN stmt_list END .)
    SEMICOLON       reduce using rule 28 (proc -> PROC LPAREN param_list RPAREN stmt_list END .)
    $end            reduce using rule 28 (proc -> PROC LPAREN param_list RPAREN stmt_list END .)
    OD              reduce using rule 28 (proc -> PROC LPAREN param_list RPAREN stmt_list END .)
    ELSE            reduce using rule 28 (proc -> PROC LPAREN param_list RPAREN stmt_list END .)
    END             reduce using rule 28 (proc -> PROC LPAREN param_list RPAREN stmt_list END .)
    FI              reduce using rule 28 (proc -> PROC LPAREN param_list RPAREN stmt_list END .)
    COMMA           reduce using rule 28 (proc -> PROC LPAREN param_list RPAREN stmt_list END .)


state 89

    (27) if_stmt -> IF expr THEN stmt_list ELSE stmt_list FI .

    SEMICOLON       reduce using rule 27 (if_stmt -> IF expr THEN stmt_list ELSE stmt_list FI .)
    END             reduce using rule 27 (if_stmt -> IF expr THEN stmt_list ELSE stmt_list FI .)
    ELSE            reduce using rule 27 (if_stmt -> IF expr THEN stmt_list ELSE stmt_list FI .)
    FI              reduce using rule 27 (if_stmt -> IF expr THEN stmt_list ELSE stmt_list FI .)
    OD              reduce using rule 27 (if_stmt -> IF expr THEN stmt_list ELSE stmt_list FI .)
    $end            reduce using rule 27 (if_stmt -> IF expr THEN stmt_list ELSE stmt_list FI .)


state 90

    (33) class_stmt -> CLASSSYM IDENT LPAREN RPAREN SUPER IDENT stmt_list . END

    END             shift and go to state 93


state 91

    (30) class_stmt -> CLASSSYM IDENT LPAREN param_list RPAREN stmt_list END .

    SEMICOLON       reduce using rule 30 (class_stmt -> CLASSSYM IDENT LPAREN param_list RPAREN stmt_list END .)
    $end            reduce using rule 30 (class_stmt -> CLASSSYM IDENT LPAREN param_list RPAREN stmt_list END .)
    END             reduce using rule 30 (class_stmt -> CLASSSYM IDENT LPAREN param_list RPAREN stmt_list END .)
    OD              reduce using rule 30 (class_stmt -> CLASSSYM IDENT LPAREN param_list RPAREN stmt_list END .)
    ELSE            reduce using rule 30 (class_stmt -> CLASSSYM IDENT LPAREN param_list RPAREN stmt_list END .)
    FI              reduce using rule 30 (class_stmt -> CLASSSYM IDENT LPAREN param_list RPAREN stmt_list END .)


state 92

    (31) class_stmt -> CLASSSYM IDENT LPAREN param_list RPAREN SUPER IDENT . stmt_list END
    (2) stmt_list -> . stmt SEMICOLON stmt_list
    (3) stmt_list -> . stmt
    (4) stmt -> . assign_stmt
    (5) stmt -> . while_stmt
    (6) stmt -> . if_stmt
    (7) stmt -> . class_stmt
    (23) assign_stmt -> . IDENT ASSIGNOP expr
    (26) while_stmt -> . WHILE expr DO stmt_list OD
    (27) if_stmt -> . IF expr THEN stmt_list ELSE stmt_list FI
    (30) class_stmt -> . CLASSSYM IDENT LPAREN param_list RPAREN stmt_list END
    (31) class_stmt -> . CLASSSYM IDENT LPAREN param_list RPAREN SUPER IDENT stmt_list END
    (32) class_stmt -> . CLASSSYM IDENT LPAREN RPAREN stmt_list END
    (33) class_stmt -> . CLASSSYM IDENT LPAREN RPAREN SUPER IDENT stmt_list END

    IDENT           shift and go to state 4
    WHILE           shift and go to state 1
    IF              shift and go to state 6
    CLASSSYM        shift and go to state 11

    stmt_list                      shift and go to state 94
    if_stmt                        shift and go to state 8
    stmt                           shift and go to state 5
    assign_stmt                    shift and go to state 2
    while_stmt                     shift and go to state 9
    class_stmt                     shift and go to state 10

state 93

    (33) class_stmt -> CLASSSYM IDENT LPAREN RPAREN SUPER IDENT stmt_list END .

    SEMICOLON       reduce using rule 33 (class_stmt -> CLASSSYM IDENT LPAREN RPAREN SUPER IDENT stmt_list END .)
    $end            reduce using rule 33 (class_stmt -> CLASSSYM IDENT LPAREN RPAREN SUPER IDENT stmt_list END .)
    END             reduce using rule 33 (class_stmt -> CLASSSYM IDENT LPAREN RPAREN SUPER IDENT stmt_list END .)
    OD              reduce using rule 33 (class_stmt -> CLASSSYM IDENT LPAREN RPAREN SUPER IDENT stmt_list END .)
    ELSE            reduce using rule 33 (class_stmt -> CLASSSYM IDENT LPAREN RPAREN SUPER IDENT stmt_list END .)
    FI              reduce using rule 33 (class_stmt -> CLASSSYM IDENT LPAREN RPAREN SUPER IDENT stmt_list END .)


state 94

    (31) class_stmt -> CLASSSYM IDENT LPAREN param_list RPAREN SUPER IDENT stmt_list . END

    END             shift and go to state 95


state 95

    (31) class_stmt -> CLASSSYM IDENT LPAREN param_list RPAREN SUPER IDENT stmt_list END .

    SEMICOLON       reduce using rule 31 (class_stmt -> CLASSSYM IDENT LPAREN param_list RPAREN SUPER IDENT stmt_list END .)
    $end            reduce using rule 31 (class_stmt -> CLASSSYM IDENT LPAREN param_list RPAREN SUPER IDENT stmt_list END .)
    END             reduce using rule 31 (class_stmt -> CLASSSYM IDENT LPAREN param_list RPAREN SUPER IDENT stmt_list END .)
    OD              reduce using rule 31 (class_stmt -> CLASSSYM IDENT LPAREN param_list RPAREN SUPER IDENT stmt_list END .)
    ELSE            reduce using rule 31 (class_stmt -> CLASSSYM IDENT LPAREN param_list RPAREN SUPER IDENT stmt_list END .)
    FI              reduce using rule 31 (class_stmt -> CLASSSYM IDENT LPAREN param_list RPAREN SUPER IDENT stmt_list END .)

